0 info it worked if it ends with ok
1 verbose cli [ 'D:\\Program Files (x86)\\nodejs\\\\node.exe',
1 verbose cli   'D:\\Program Files (x86)\\nodejs\\node_modules\\npm\\bin\\npm-cli.js',
1 verbose cli   'run',
1 verbose cli   'serve' ]
2 info using npm@2.7.4
3 info using node@v0.12.2
4 verbose node symlink D:\Program Files (x86)\nodejs\\node.exe
5 verbose stack Error: ENOENT, open 'D:\code\springboot-vue\package.json'
5 verbose stack     at Error (native)
6 verbose cwd D:\code\springboot-vue
7 error Windows_NT 6.1.7601
8 error argv "D:\\Program Files (x86)\\nodejs\\\\node.exe" "D:\\Program Files (x86)\\nodejs\\node_modules\\npm\\bin\\npm-cli.js" "run" "serve"
9 error node v0.12.2
10 error npm  v2.7.4
11 error path D:\code\springboot-vue\package.json
12 error code ENOENT
13 error errno -4058
14 error enoent ENOENT, open 'D:\code\springboot-vue\package.json'
14 error enoent This is most likely not a problem with npm itself
14 error enoent and is related to npm not being able to find a file.
15 verbose exit [ -4058, true ]
